Determining if the pthread_create exist failed with the following output:
Change Dir: /home/wesley/code/MARK1/build/CMakeFiles/CMakeTmp

Run Build Command:"/usr/bin/make" "cmTC_b901a/fast"
/usr/bin/make -f CMakeFiles/cmTC_b901a.dir/build.make CMakeFiles/cmTC_b901a.dir/build
make[1]: Entering directory '/home/wesley/code/MARK1/build/CMakeFiles/CMakeTmp'
Building C object CMakeFiles/cmTC_b901a.dir/CheckSymbolExists.c.o
/usr/bin/cc    -o CMakeFiles/cmTC_b901a.dir/CheckSymbolExists.c.o   -c /home/wesley/code/MARK1/build/CMakeFiles/CMakeTmp/CheckSymbolExists.c
Linking C executable cmTC_b901a
/usr/bin/cmake -E cmake_link_script CMakeFiles/cmTC_b901a.dir/link.txt --verbose=1
/usr/bin/cc      CMakeFiles/cmTC_b901a.dir/CheckSymbolExists.c.o  -o cmTC_b901a 
CMakeFiles/cmTC_b901a.dir/CheckSymbolExists.c.o: In function `main':
CheckSymbolExists.c:(.text+0x1b): undefined reference to `pthread_create'
collect2: error: ld returned 1 exit status
CMakeFiles/cmTC_b901a.dir/build.make:97: recipe for target 'cmTC_b901a' failed
make[1]: *** [cmTC_b901a] Error 1
make[1]: Leaving directory '/home/wesley/code/MARK1/build/CMakeFiles/CMakeTmp'
Makefile:126: recipe for target 'cmTC_b901a/fast' failed
make: *** [cmTC_b901a/fast] Error 2

File /home/wesley/code/MARK1/build/CMakeFiles/CMakeTmp/CheckSymbolExists.c:
/* */
#include <pthread.h>

int main(int argc, char** argv)
{
  (void)argv;
#ifndef pthread_create
  return ((int*)(&pthread_create))[argc];
#else
  (void)argc;
  return 0;
#endif
}

Determining if the function pthread_create exists in the pthreads failed with the following output:
Change Dir: /home/wesley/code/MARK1/build/CMakeFiles/CMakeTmp

Run Build Command:"/usr/bin/make" "cmTC_3b656/fast"
/usr/bin/make -f CMakeFiles/cmTC_3b656.dir/build.make CMakeFiles/cmTC_3b656.dir/build
make[1]: Entering directory '/home/wesley/code/MARK1/build/CMakeFiles/CMakeTmp'
Building C object CMakeFiles/cmTC_3b656.dir/CheckFunctionExists.c.o
/usr/bin/cc   -DCHECK_FUNCTION_EXISTS=pthread_create   -o CMakeFiles/cmTC_3b656.dir/CheckFunctionExists.c.o   -c /usr/share/cmake-3.10/Modules/CheckFunctionExists.c
Linking C executable cmTC_3b656
/usr/bin/cmake -E cmake_link_script CMakeFiles/cmTC_3b656.dir/link.txt --verbose=1
/usr/bin/cc  -DCHECK_FUNCTION_EXISTS=pthread_create    CMakeFiles/cmTC_3b656.dir/CheckFunctionExists.c.o  -o cmTC_3b656 -lpthreads 
/usr/bin/ld: cannot find -lpthreads
collect2: error: ld returned 1 exit status
CMakeFiles/cmTC_3b656.dir/build.make:97: recipe for target 'cmTC_3b656' failed
make[1]: *** [cmTC_3b656] Error 1
make[1]: Leaving directory '/home/wesley/code/MARK1/build/CMakeFiles/CMakeTmp'
Makefile:126: recipe for target 'cmTC_3b656/fast' failed
make: *** [cmTC_3b656/fast] Error 2


